<?xml version="1.0" encoding="UTF-8"?>
<!-- Generated by org.testng.reporters.JUnitReportReporter -->
<testsuite hostname="DESKTOP-70NPE6Q" failures="0" tests="1" name="com.test.GoogleTestNg" time="9.756" errors="0" timestamp="04 Mar 2021 18:18:05 GMT" skipped="0">
  <testcase classname="com.test.GoogleTestNg" name="SearchNewthings" time="9.756"/>
</testsuite> <!-- com.test.GoogleTestNg -->
