<?xml version="1.0" encoding="UTF-8"?>
<!-- Generated by org.testng.reporters.JUnitReportReporter -->
<testsuite hostname="DESKTOP-70NPE6Q" failures="0" tests="3" name="com.test.basicstestng" time="0.015" errors="0" timestamp="02 Mar 2021 15:02:28 GMT" skipped="0">
  <testcase classname="com.test.basicstestng" name="GetTitleOfPage" time="0.007"/>
  <testcase classname="com.test.basicstestng" name="Searchlinks" time="0.004"/>
  <testcase classname="com.test.basicstestng" name="SearchWords" time="0.004"/>
</testsuite> <!-- com.test.basicstestng -->
