<?xml version="1.0" encoding="UTF-8"?>
<!-- Generated by org.testng.reporters.JUnitReportReporter -->
<testsuite hostname="DESKTOP-70NPE6Q" failures="0" tests="1" name="com.test.ParameterTest" time="5.193" errors="0" timestamp="04 Mar 2021 15:05:52 GMT" skipped="0">
  <testcase classname="com.test.ParameterTest" name="RediffmailLogin" time="5.193"/>
</testsuite> <!-- com.test.ParameterTest -->
