<?xml version="1.0" encoding="UTF-8"?>
<!-- Generated by org.testng.reporters.JUnitReportReporter -->
<testsuite hostname="DESKTOP-70NPE6Q" failures="0" tests="10" name="com.test.InvocationCount" time="0.030" errors="0" timestamp="04 Mar 2021 18:18:05 GMT" skipped="0">
  <testcase classname="com.test.InvocationCount" name="sum" time="0.002"/>
  <testcase classname="com.test.InvocationCount" name="sum" time="0.002"/>
  <testcase classname="com.test.InvocationCount" name="sum" time="0.002"/>
  <testcase classname="com.test.InvocationCount" name="sum" time="0.007"/>
  <testcase classname="com.test.InvocationCount" name="sum" time="0.001"/>
  <testcase classname="com.test.InvocationCount" name="sum" time="0.002"/>
  <testcase classname="com.test.InvocationCount" name="sum" time="0.004"/>
  <testcase classname="com.test.InvocationCount" name="sum" time="0.002"/>
  <testcase classname="com.test.InvocationCount" name="sum" time="0.004"/>
  <testcase classname="com.test.InvocationCount" name="sum" time="0.004"/>
</testsuite> <!-- com.test.InvocationCount -->
